ERROR (SqlMapDao.java[getInt]:264) [2024-09-24 10:42:24,597] - [frame.ibatis.dao.SqlMapDao] : Failed to execute queryForObject - id [ADMIN_MST.getCount], parameterObject [{ADMIN_ID=admin}].  Cause: java.sql.SQLException: Cannot create PoolableConnectionFactory (Communications link failure

The last packet sent successfully to the server was 0 milliseconds ago. The driver has not received any packets from the server.)
ERROR (SqlMapDao.java[getInt]:264) [2024-09-24 12:07:17,775] - [frame.ibatis.dao.SqlMapDao] : Failed to execute queryForObject - id [ADMIN_MST.getCount], parameterObject [{ADMIN_ID=songhu}].  Cause: java.sql.SQLException: Cannot create PoolableConnectionFactory (Access denied for user 'sipt'@'61.108.4.98' (using password: YES))
ERROR (SqlMapDao.java[getInt]:264) [2024-09-24 12:09:20,228] - [frame.ibatis.dao.SqlMapDao] : Failed to execute queryForObject - id [ADMIN_MST.getCount], parameterObject [{ADMIN_ID=songhu}].  Cause: java.sql.SQLException: Cannot create PoolableConnectionFactory (Access denied for user 'sipt'@'61.108.4.98' (using password: YES))
 INFO (AbstractApplicationContext.java[prepareRefresh]:456) [2024-09-24 12:13:58,524] - Refreshing org.springframework.context.support.FileSystemXmlApplicationContext@16173521: startup date [Tue Sep 24 12:13:58 KST 2024]; root of context hierarchy
 INFO (XmlBeanDefinitionReader.java[loadBeanDefinitions]:315) [2024-09-24 12:13:58,631] - Loading XML bean definitions from URL [file:/C:/java/workspace2024/.metadata/.plugins/org.eclipse.wst.server.core/tmp0/wtpwebapps/sipt/WEB-INF/classes/spring/context-config.xml]
 INFO (XmlBeanDefinitionReader.java[loadBeanDefinitions]:315) [2024-09-24 12:13:58,762] - Loading XML bean definitions from URL [jar:file:/C:/java/workspace2024/.metadata/.plugins/org.eclipse.wst.server.core/tmp0/wtpwebapps/sipt/WEB-INF/lib/egovframework.rte.fdl.crypto-2.0.0.jar!/spring/context-config.xml]
 INFO (DefaultListableBeanFactory.java[preInstantiateSingletons]:557) [2024-09-24 12:13:58,813] - Pre-instantiating singletons in org.springframework.beans.factory.support.DefaultListableBeanFactory@27560a5f: defining beans [config,ConfigPath]; root of factory hierarchy
 INFO (AbstractApplicationContext.java[prepareRefresh]:456) [2024-09-24 12:13:58,944] - Refreshing org.springframework.context.support.FileSystemXmlApplicationContext@45448b08: startup date [Tue Sep 24 12:13:58 KST 2024]; root of context hierarchy
 INFO (XmlBeanDefinitionReader.java[loadBeanDefinitions]:315) [2024-09-24 12:13:58,946] - Loading XML bean definitions from URL [file:/C:/java/workspace2024/.metadata/.plugins/org.eclipse.wst.server.core/tmp0/wtpwebapps/sipt/WEB-INF/classes/spring/context-config.xml]
 INFO (XmlBeanDefinitionReader.java[loadBeanDefinitions]:315) [2024-09-24 12:13:58,959] - Loading XML bean definitions from URL [jar:file:/C:/java/workspace2024/.metadata/.plugins/org.eclipse.wst.server.core/tmp0/wtpwebapps/sipt/WEB-INF/lib/egovframework.rte.fdl.crypto-2.0.0.jar!/spring/context-config.xml]
 INFO (DefaultListableBeanFactory.java[preInstantiateSingletons]:557) [2024-09-24 12:13:58,966] - Pre-instantiating singletons in org.springframework.beans.factory.support.DefaultListableBeanFactory@1b82835b: defining beans [config,ConfigPath]; root of factory hierarchy
 INFO (AbstractApplicationContext.java[prepareRefresh]:456) [2024-09-24 12:22:10,677] - Refreshing org.springframework.context.support.FileSystemXmlApplicationContext@7ed61bb9: startup date [Tue Sep 24 12:22:10 KST 2024]; root of context hierarchy
 INFO (XmlBeanDefinitionReader.java[loadBeanDefinitions]:315) [2024-09-24 12:22:10,797] - Loading XML bean definitions from URL [file:/C:/java/workspace2024/.metadata/.plugins/org.eclipse.wst.server.core/tmp0/wtpwebapps/sipt/WEB-INF/classes/spring/context-config.xml]
 INFO (XmlBeanDefinitionReader.java[loadBeanDefinitions]:315) [2024-09-24 12:22:10,835] - Loading XML bean definitions from URL [jar:file:/C:/java/workspace2024/.metadata/.plugins/org.eclipse.wst.server.core/tmp0/wtpwebapps/sipt/WEB-INF/lib/egovframework.rte.fdl.crypto-2.0.0.jar!/spring/context-config.xml]
 INFO (DefaultListableBeanFactory.java[preInstantiateSingletons]:557) [2024-09-24 12:22:10,886] - Pre-instantiating singletons in org.springframework.beans.factory.support.DefaultListableBeanFactory@20ba0cb9: defining beans [config,ConfigPath]; root of factory hierarchy
 INFO (AbstractApplicationContext.java[prepareRefresh]:456) [2024-09-24 12:22:11,036] - Refreshing org.springframework.context.support.FileSystemXmlApplicationContext@13c09e8: startup date [Tue Sep 24 12:22:11 KST 2024]; root of context hierarchy
 INFO (XmlBeanDefinitionReader.java[loadBeanDefinitions]:315) [2024-09-24 12:22:11,038] - Loading XML bean definitions from URL [file:/C:/java/workspace2024/.metadata/.plugins/org.eclipse.wst.server.core/tmp0/wtpwebapps/sipt/WEB-INF/classes/spring/context-config.xml]
 INFO (XmlBeanDefinitionReader.java[loadBeanDefinitions]:315) [2024-09-24 12:22:11,045] - Loading XML bean definitions from URL [jar:file:/C:/java/workspace2024/.metadata/.plugins/org.eclipse.wst.server.core/tmp0/wtpwebapps/sipt/WEB-INF/lib/egovframework.rte.fdl.crypto-2.0.0.jar!/spring/context-config.xml]
 INFO (DefaultListableBeanFactory.java[preInstantiateSingletons]:557) [2024-09-24 12:22:11,050] - Pre-instantiating singletons in org.springframework.beans.factory.support.DefaultListableBeanFactory@12e02f92: defining beans [config,ConfigPath]; root of factory hierarchy
 INFO (AbstractApplicationContext.java[prepareRefresh]:456) [2024-09-24 12:24:07,447] - Refreshing org.springframework.context.support.FileSystemXmlApplicationContext@53fc0e68: startup date [Tue Sep 24 12:24:07 KST 2024]; root of context hierarchy
 INFO (XmlBeanDefinitionReader.java[loadBeanDefinitions]:315) [2024-09-24 12:24:07,455] - Loading XML bean definitions from URL [file:/C:/java/workspace2024/.metadata/.plugins/org.eclipse.wst.server.core/tmp0/wtpwebapps/sipt/WEB-INF/classes/spring/context-config.xml]
 INFO (XmlBeanDefinitionReader.java[loadBeanDefinitions]:315) [2024-09-24 12:24:07,467] - Loading XML bean definitions from URL [jar:file:/C:/java/workspace2024/.metadata/.plugins/org.eclipse.wst.server.core/tmp0/wtpwebapps/sipt/WEB-INF/lib/egovframework.rte.fdl.crypto-2.0.0.jar!/spring/context-config.xml]
 INFO (DefaultListableBeanFactory.java[preInstantiateSingletons]:557) [2024-09-24 12:24:07,472] - Pre-instantiating singletons in org.springframework.beans.factory.support.DefaultListableBeanFactory@20c65664: defining beans [config,ConfigPath]; root of factory hierarchy
 INFO (AbstractApplicationContext.java[prepareRefresh]:456) [2024-09-24 12:24:07,477] - Refreshing org.springframework.context.support.FileSystemXmlApplicationContext@15105a0b: startup date [Tue Sep 24 12:24:07 KST 2024]; root of context hierarchy
 INFO (XmlBeanDefinitionReader.java[loadBeanDefinitions]:315) [2024-09-24 12:24:07,478] - Loading XML bean definitions from URL [file:/C:/java/workspace2024/.metadata/.plugins/org.eclipse.wst.server.core/tmp0/wtpwebapps/sipt/WEB-INF/classes/spring/context-config.xml]
 INFO (XmlBeanDefinitionReader.java[loadBeanDefinitions]:315) [2024-09-24 12:24:07,486] - Loading XML bean definitions from URL [jar:file:/C:/java/workspace2024/.metadata/.plugins/org.eclipse.wst.server.core/tmp0/wtpwebapps/sipt/WEB-INF/lib/egovframework.rte.fdl.crypto-2.0.0.jar!/spring/context-config.xml]
 INFO (DefaultListableBeanFactory.java[preInstantiateSingletons]:557) [2024-09-24 12:24:07,493] - Pre-instantiating singletons in org.springframework.beans.factory.support.DefaultListableBeanFactory@4ce78731: defining beans [config,ConfigPath]; root of factory hierarchy
 INFO (AbstractApplicationContext.java[prepareRefresh]:456) [2024-09-24 12:27:12,439] - Refreshing org.springframework.context.support.FileSystemXmlApplicationContext@60791a7e: startup date [Tue Sep 24 12:27:12 KST 2024]; root of context hierarchy
 INFO (XmlBeanDefinitionReader.java[loadBeanDefinitions]:315) [2024-09-24 12:27:12,446] - Loading XML bean definitions from URL [file:/C:/java/workspace2024/.metadata/.plugins/org.eclipse.wst.server.core/tmp0/wtpwebapps/sipt/WEB-INF/classes/spring/context-config.xml]
 INFO (XmlBeanDefinitionReader.java[loadBeanDefinitions]:315) [2024-09-24 12:27:12,458] - Loading XML bean definitions from URL [jar:file:/C:/java/workspace2024/.metadata/.plugins/org.eclipse.wst.server.core/tmp0/wtpwebapps/sipt/WEB-INF/lib/egovframework.rte.fdl.crypto-2.0.0.jar!/spring/context-config.xml]
 INFO (DefaultListableBeanFactory.java[preInstantiateSingletons]:557) [2024-09-24 12:27:12,464] - Pre-instantiating singletons in org.springframework.beans.factory.support.DefaultListableBeanFactory@350e8150: defining beans [config,ConfigPath]; root of factory hierarchy
 INFO (AbstractApplicationContext.java[prepareRefresh]:456) [2024-09-24 12:27:12,466] - Refreshing org.springframework.context.support.FileSystemXmlApplicationContext@71cb033d: startup date [Tue Sep 24 12:27:12 KST 2024]; root of context hierarchy
 INFO (XmlBeanDefinitionReader.java[loadBeanDefinitions]:315) [2024-09-24 12:27:12,468] - Loading XML bean definitions from URL [file:/C:/java/workspace2024/.metadata/.plugins/org.eclipse.wst.server.core/tmp0/wtpwebapps/sipt/WEB-INF/classes/spring/context-config.xml]
 INFO (XmlBeanDefinitionReader.java[loadBeanDefinitions]:315) [2024-09-24 12:27:12,475] - Loading XML bean definitions from URL [jar:file:/C:/java/workspace2024/.metadata/.plugins/org.eclipse.wst.server.core/tmp0/wtpwebapps/sipt/WEB-INF/lib/egovframework.rte.fdl.crypto-2.0.0.jar!/spring/context-config.xml]
 INFO (DefaultListableBeanFactory.java[preInstantiateSingletons]:557) [2024-09-24 12:27:12,479] - Pre-instantiating singletons in org.springframework.beans.factory.support.DefaultListableBeanFactory@476e7a03: defining beans [config,ConfigPath]; root of factory hierarchy
 INFO (AbstractApplicationContext.java[prepareRefresh]:456) [2024-09-24 12:36:42,861] - Refreshing org.springframework.context.support.FileSystemXmlApplicationContext@308cee7b: startup date [Tue Sep 24 12:36:42 KST 2024]; root of context hierarchy
 INFO (XmlBeanDefinitionReader.java[loadBeanDefinitions]:315) [2024-09-24 12:36:42,934] - Loading XML bean definitions from URL [file:/C:/java/workspace2024/.metadata/.plugins/org.eclipse.wst.server.core/tmp0/wtpwebapps/sipt/WEB-INF/classes/spring/context-config.xml]
 INFO (XmlBeanDefinitionReader.java[loadBeanDefinitions]:315) [2024-09-24 12:36:42,992] - Loading XML bean definitions from URL [jar:file:/C:/java/workspace2024/.metadata/.plugins/org.eclipse.wst.server.core/tmp0/wtpwebapps/sipt/WEB-INF/lib/egovframework.rte.fdl.crypto-2.0.0.jar!/spring/context-config.xml]
 INFO (DefaultListableBeanFactory.java[preInstantiateSingletons]:557) [2024-09-24 12:36:43,049] - Pre-instantiating singletons in org.springframework.beans.factory.support.DefaultListableBeanFactory@78d717f0: defining beans [config,ConfigPath]; root of factory hierarchy
 INFO (AbstractApplicationContext.java[prepareRefresh]:456) [2024-09-24 12:36:43,182] - Refreshing org.springframework.context.support.FileSystemXmlApplicationContext@28f9a36c: startup date [Tue Sep 24 12:36:43 KST 2024]; root of context hierarchy
 INFO (XmlBeanDefinitionReader.java[loadBeanDefinitions]:315) [2024-09-24 12:36:43,184] - Loading XML bean definitions from URL [file:/C:/java/workspace2024/.metadata/.plugins/org.eclipse.wst.server.core/tmp0/wtpwebapps/sipt/WEB-INF/classes/spring/context-config.xml]
 INFO (XmlBeanDefinitionReader.java[loadBeanDefinitions]:315) [2024-09-24 12:36:43,191] - Loading XML bean definitions from URL [jar:file:/C:/java/workspace2024/.metadata/.plugins/org.eclipse.wst.server.core/tmp0/wtpwebapps/sipt/WEB-INF/lib/egovframework.rte.fdl.crypto-2.0.0.jar!/spring/context-config.xml]
 INFO (DefaultListableBeanFactory.java[preInstantiateSingletons]:557) [2024-09-24 12:36:43,196] - Pre-instantiating singletons in org.springframework.beans.factory.support.DefaultListableBeanFactory@3894ff7e: defining beans [config,ConfigPath]; root of factory hierarchy
 INFO (AbstractApplicationContext.java[prepareRefresh]:456) [2024-09-24 12:38:47,705] - Refreshing org.springframework.context.support.FileSystemXmlApplicationContext@5b3886b4: startup date [Tue Sep 24 12:38:47 KST 2024]; root of context hierarchy
 INFO (XmlBeanDefinitionReader.java[loadBeanDefinitions]:315) [2024-09-24 12:38:47,730] - Loading XML bean definitions from URL [file:/C:/java/workspace2024/.metadata/.plugins/org.eclipse.wst.server.core/tmp0/wtpwebapps/sipt/WEB-INF/classes/spring/context-config.xml]
 INFO (XmlBeanDefinitionReader.java[loadBeanDefinitions]:315) [2024-09-24 12:38:47,743] - Loading XML bean definitions from URL [jar:file:/C:/java/workspace2024/.metadata/.plugins/org.eclipse.wst.server.core/tmp0/wtpwebapps/sipt/WEB-INF/lib/egovframework.rte.fdl.crypto-2.0.0.jar!/spring/context-config.xml]
 INFO (DefaultListableBeanFactory.java[preInstantiateSingletons]:557) [2024-09-24 12:38:47,749] - Pre-instantiating singletons in org.springframework.beans.factory.support.DefaultListableBeanFactory@78eb1d46: defining beans [config,ConfigPath]; root of factory hierarchy
 INFO (AbstractApplicationContext.java[prepareRefresh]:456) [2024-09-24 12:38:47,755] - Refreshing org.springframework.context.support.FileSystemXmlApplicationContext@70c9cfb7: startup date [Tue Sep 24 12:38:47 KST 2024]; root of context hierarchy
 INFO (XmlBeanDefinitionReader.java[loadBeanDefinitions]:315) [2024-09-24 12:38:47,757] - Loading XML bean definitions from URL [file:/C:/java/workspace2024/.metadata/.plugins/org.eclipse.wst.server.core/tmp0/wtpwebapps/sipt/WEB-INF/classes/spring/context-config.xml]
 INFO (XmlBeanDefinitionReader.java[loadBeanDefinitions]:315) [2024-09-24 12:38:47,764] - Loading XML bean definitions from URL [jar:file:/C:/java/workspace2024/.metadata/.plugins/org.eclipse.wst.server.core/tmp0/wtpwebapps/sipt/WEB-INF/lib/egovframework.rte.fdl.crypto-2.0.0.jar!/spring/context-config.xml]
 INFO (DefaultListableBeanFactory.java[preInstantiateSingletons]:557) [2024-09-24 12:38:47,769] - Pre-instantiating singletons in org.springframework.beans.factory.support.DefaultListableBeanFactory@5b51e18b: defining beans [config,ConfigPath]; root of factory hierarchy
 INFO (AbstractApplicationContext.java[prepareRefresh]:456) [2024-09-24 12:38:47,772] - Refreshing org.springframework.context.support.FileSystemXmlApplicationContext@61e5e1ba: startup date [Tue Sep 24 12:38:47 KST 2024]; root of context hierarchy
 INFO (XmlBeanDefinitionReader.java[loadBeanDefinitions]:315) [2024-09-24 12:38:47,773] - Loading XML bean definitions from URL [file:/C:/java/workspace2024/.metadata/.plugins/org.eclipse.wst.server.core/tmp0/wtpwebapps/sipt/WEB-INF/classes/spring/context-config.xml]
 INFO (XmlBeanDefinitionReader.java[loadBeanDefinitions]:315) [2024-09-24 12:38:47,780] - Loading XML bean definitions from URL [jar:file:/C:/java/workspace2024/.metadata/.plugins/org.eclipse.wst.server.core/tmp0/wtpwebapps/sipt/WEB-INF/lib/egovframework.rte.fdl.crypto-2.0.0.jar!/spring/context-config.xml]
 INFO (DefaultListableBeanFactory.java[preInstantiateSingletons]:557) [2024-09-24 12:38:47,784] - Pre-instantiating singletons in org.springframework.beans.factory.support.DefaultListableBeanFactory@268c450c: defining beans [config,ConfigPath]; root of factory hierarchy
 INFO (AbstractApplicationContext.java[prepareRefresh]:456) [2024-09-24 12:38:47,787] - Refreshing org.springframework.context.support.FileSystemXmlApplicationContext@d6d2dfd: startup date [Tue Sep 24 12:38:47 KST 2024]; root of context hierarchy
 INFO (XmlBeanDefinitionReader.java[loadBeanDefinitions]:315) [2024-09-24 12:38:47,789] - Loading XML bean definitions from URL [file:/C:/java/workspace2024/.metadata/.plugins/org.eclipse.wst.server.core/tmp0/wtpwebapps/sipt/WEB-INF/classes/spring/context-config.xml]
 INFO (XmlBeanDefinitionReader.java[loadBeanDefinitions]:315) [2024-09-24 12:38:47,794] - Loading XML bean definitions from URL [jar:file:/C:/java/workspace2024/.metadata/.plugins/org.eclipse.wst.server.core/tmp0/wtpwebapps/sipt/WEB-INF/lib/egovframework.rte.fdl.crypto-2.0.0.jar!/spring/context-config.xml]
 INFO (DefaultListableBeanFactory.java[preInstantiateSingletons]:557) [2024-09-24 12:38:47,800] - Pre-instantiating singletons in org.springframework.beans.factory.support.DefaultListableBeanFactory@3569fddf: defining beans [config,ConfigPath]; root of factory hierarchy
 INFO (AbstractApplicationContext.java[prepareRefresh]:456) [2024-09-24 12:38:47,804] - Refreshing org.springframework.context.support.FileSystemXmlApplicationContext@a5c1fa9: startup date [Tue Sep 24 12:38:47 KST 2024]; root of context hierarchy
 INFO (XmlBeanDefinitionReader.java[loadBeanDefinitions]:315) [2024-09-24 12:38:47,805] - Loading XML bean definitions from URL [file:/C:/java/workspace2024/.metadata/.plugins/org.eclipse.wst.server.core/tmp0/wtpwebapps/sipt/WEB-INF/classes/spring/context-config.xml]
 INFO (XmlBeanDefinitionReader.java[loadBeanDefinitions]:315) [2024-09-24 12:38:47,810] - Loading XML bean definitions from URL [jar:file:/C:/java/workspace2024/.metadata/.plugins/org.eclipse.wst.server.core/tmp0/wtpwebapps/sipt/WEB-INF/lib/egovframework.rte.fdl.crypto-2.0.0.jar!/spring/context-config.xml]
 INFO (DefaultListableBeanFactory.java[preInstantiateSingletons]:557) [2024-09-24 12:38:47,815] - Pre-instantiating singletons in org.springframework.beans.factory.support.DefaultListableBeanFactory@c5c0fff: defining beans [config,ConfigPath]; root of factory hierarchy
 INFO (AbstractApplicationContext.java[prepareRefresh]:456) [2024-09-24 12:38:47,818] - Refreshing org.springframework.context.support.FileSystemXmlApplicationContext@8b7429: startup date [Tue Sep 24 12:38:47 KST 2024]; root of context hierarchy
 INFO (XmlBeanDefinitionReader.java[loadBeanDefinitions]:315) [2024-09-24 12:38:47,819] - Loading XML bean definitions from URL [file:/C:/java/workspace2024/.metadata/.plugins/org.eclipse.wst.server.core/tmp0/wtpwebapps/sipt/WEB-INF/classes/spring/context-config.xml]
 INFO (XmlBeanDefinitionReader.java[loadBeanDefinitions]:315) [2024-09-24 12:38:47,823] - Loading XML bean definitions from URL [jar:file:/C:/java/workspace2024/.metadata/.plugins/org.eclipse.wst.server.core/tmp0/wtpwebapps/sipt/WEB-INF/lib/egovframework.rte.fdl.crypto-2.0.0.jar!/spring/context-config.xml]
 INFO (DefaultListableBeanFactory.java[preInstantiateSingletons]:557) [2024-09-24 12:38:47,828] - Pre-instantiating singletons in org.springframework.beans.factory.support.DefaultListableBeanFactory@2d2e922d: defining beans [config,ConfigPath]; root of factory hierarchy
 INFO (AbstractApplicationContext.java[prepareRefresh]:456) [2024-09-24 12:39:55,157] - Refreshing org.springframework.context.support.FileSystemXmlApplicationContext@6ca60418: startup date [Tue Sep 24 12:39:55 KST 2024]; root of context hierarchy
 INFO (XmlBeanDefinitionReader.java[loadBeanDefinitions]:315) [2024-09-24 12:39:55,182] - Loading XML bean definitions from URL [file:/C:/java/workspace2024/.metadata/.plugins/org.eclipse.wst.server.core/tmp0/wtpwebapps/sipt/WEB-INF/classes/spring/context-config.xml]
 INFO (XmlBeanDefinitionReader.java[loadBeanDefinitions]:315) [2024-09-24 12:39:55,197] - Loading XML bean definitions from URL [jar:file:/C:/java/workspace2024/.metadata/.plugins/org.eclipse.wst.server.core/tmp0/wtpwebapps/sipt/WEB-INF/lib/egovframework.rte.fdl.crypto-2.0.0.jar!/spring/context-config.xml]
 INFO (DefaultListableBeanFactory.java[preInstantiateSingletons]:557) [2024-09-24 12:39:55,200] - Pre-instantiating singletons in org.springframework.beans.factory.support.DefaultListableBeanFactory@7bae760d: defining beans [config,ConfigPath]; root of factory hierarchy
 INFO (AbstractApplicationContext.java[prepareRefresh]:456) [2024-09-24 12:39:55,205] - Refreshing org.springframework.context.support.FileSystemXmlApplicationContext@4dba10f2: startup date [Tue Sep 24 12:39:55 KST 2024]; root of context hierarchy
 INFO (XmlBeanDefinitionReader.java[loadBeanDefinitions]:315) [2024-09-24 12:39:55,206] - Loading XML bean definitions from URL [file:/C:/java/workspace2024/.metadata/.plugins/org.eclipse.wst.server.core/tmp0/wtpwebapps/sipt/WEB-INF/classes/spring/context-config.xml]
 INFO (XmlBeanDefinitionReader.java[loadBeanDefinitions]:315) [2024-09-24 12:39:55,211] - Loading XML bean definitions from URL [jar:file:/C:/java/workspace2024/.metadata/.plugins/org.eclipse.wst.server.core/tmp0/wtpwebapps/sipt/WEB-INF/lib/egovframework.rte.fdl.crypto-2.0.0.jar!/spring/context-config.xml]
 INFO (DefaultListableBeanFactory.java[preInstantiateSingletons]:557) [2024-09-24 12:39:55,216] - Pre-instantiating singletons in org.springframework.beans.factory.support.DefaultListableBeanFactory@13ef4c38: defining beans [config,ConfigPath]; root of factory hierarchy
 INFO (AbstractApplicationContext.java[prepareRefresh]:456) [2024-09-24 12:39:55,220] - Refreshing org.springframework.context.support.FileSystemXmlApplicationContext@29d4ad7: startup date [Tue Sep 24 12:39:55 KST 2024]; root of context hierarchy
 INFO (XmlBeanDefinitionReader.java[loadBeanDefinitions]:315) [2024-09-24 12:39:55,222] - Loading XML bean definitions from URL [file:/C:/java/workspace2024/.metadata/.plugins/org.eclipse.wst.server.core/tmp0/wtpwebapps/sipt/WEB-INF/classes/spring/context-config.xml]
 INFO (XmlBeanDefinitionReader.java[loadBeanDefinitions]:315) [2024-09-24 12:39:55,227] - Loading XML bean definitions from URL [jar:file:/C:/java/workspace2024/.metadata/.plugins/org.eclipse.wst.server.core/tmp0/wtpwebapps/sipt/WEB-INF/lib/egovframework.rte.fdl.crypto-2.0.0.jar!/spring/context-config.xml]
 INFO (DefaultListableBeanFactory.java[preInstantiateSingletons]:557) [2024-09-24 12:39:55,232] - Pre-instantiating singletons in org.springframework.beans.factory.support.DefaultListableBeanFactory@83dbf56: defining beans [config,ConfigPath]; root of factory hierarchy
 INFO (AbstractApplicationContext.java[prepareRefresh]:456) [2024-09-24 12:39:55,235] - Refreshing org.springframework.context.support.FileSystemXmlApplicationContext@690ef7af: startup date [Tue Sep 24 12:39:55 KST 2024]; root of context hierarchy
 INFO (XmlBeanDefinitionReader.java[loadBeanDefinitions]:315) [2024-09-24 12:39:55,237] - Loading XML bean definitions from URL [file:/C:/java/workspace2024/.metadata/.plugins/org.eclipse.wst.server.core/tmp0/wtpwebapps/sipt/WEB-INF/classes/spring/context-config.xml]
 INFO (XmlBeanDefinitionReader.java[loadBeanDefinitions]:315) [2024-09-24 12:39:55,242] - Loading XML bean definitions from URL [jar:file:/C:/java/workspace2024/.metadata/.plugins/org.eclipse.wst.server.core/tmp0/wtpwebapps/sipt/WEB-INF/lib/egovframework.rte.fdl.crypto-2.0.0.jar!/spring/context-config.xml]
 INFO (DefaultListableBeanFactory.java[preInstantiateSingletons]:557) [2024-09-24 12:39:55,246] - Pre-instantiating singletons in org.springframework.beans.factory.support.DefaultListableBeanFactory@efab29: defining beans [config,ConfigPath]; root of factory hierarchy
ERROR (SqlMapDao.java[update]:132) [2024-09-24 12:39:55,293] - [frame.ibatis.dao.SqlMapDao] : Failed to update - id [ADMIN_MST.insertAutoLoginKey] - parameterObject [{AUTO_LOGIN_KEY=KxW7iq743LHr8Ql/RihlhQ==, REMOTE_ADDR=0:0:0:0:0:0:0:1, ADMIN_ID=songhu}].  Cause: com.ibatis.common.jdbc.exception.NestedSQLException:   
--- The error occurred in frame/ibatis/sql/ADMIN_MST_sqlMap.xml.  
--- The error occurred while applying a parameter map.  
--- Check the ADMIN_MST.insertAutoLoginKey-InlineParameterMap.  
--- Check the statement (update failed).  
--- Cause: java.sql.SQLException: Unable to create correct SQLException class instance, error class/codes may be incorrect. Reason: 

** BEGIN NESTED EXCEPTION ** 

java.sql.SQLException
MESSAGE: Can't instantiate required class

STACKTRACE:

java.sql.SQLException: Can't instantiate required class
	at com.mysql.jdbc.SQLError.createSQLException(SQLError.java:1078)
	at com.mysql.jdbc.SQLError.createSQLException(SQLError.java:989)
	at com.mysql.jdbc.SQLError.createSQLException(SQLError.java:975)
	at com.mysql.jdbc.SQLError.createSQLException(SQLError.java:920)
	at com.mysql.jdbc.SQLError.createSQLException(SQLError.java:951)
	at com.mysql.jdbc.SQLError.createSQLException(SQLError.java:941)
	at com.mysql.jdbc.Util.getInstance(Util.java:397)
	at com.mysql.jdbc.SQLError.createSQLException(SQLError.java:1054)
	at com.mysql.jdbc.MysqlIO.checkErrorPacket(MysqlIO.java:4120)
	at com.mysql.jdbc.MysqlIO.checkErrorPacket(MysqlIO.java:4052)
	at com.mysql.jdbc.MysqlIO.sendCommand(MysqlIO.java:2503)
	at com.mysql.jdbc.MysqlIO.sqlQueryDirect(MysqlIO.java:2664)
	at com.mysql.jdbc.ConnectionImpl.execSQL(ConnectionImpl.java:2815)
	at com.mysql.jdbc.PreparedStatement.executeInternal(PreparedStatement.java:2155)
	at com.mysql.jdbc.PreparedStatement.execute(PreparedStatement.java:1379)
	at org.apache.tomcat.dbcp.dbcp2.DelegatingPreparedStatement.execute(DelegatingPreparedStatement.java:92)
	at org.apache.tomcat.dbcp.dbcp2.DelegatingPreparedStatement.execute(DelegatingPreparedStatement.java:92)
	at com.ibatis.sqlmap.engine.execution.SqlExecutor.executeUpdate(SqlExecutor.java:80)
	at com.ibatis.sqlmap.engine.mapping.statement.MappedStatement.sqlExecuteUpdate(MappedStatement.java:216)
	at com.ibatis.sqlmap.engine.mapping.statement.MappedStatement.executeUpdate(MappedStatement.java:94)
	at com.ibatis.sqlmap.engine.impl.SqlMapExecutorDelegate.update(SqlMapExecutorDelegate.java:457)
	at com.ibatis.sqlmap.engine.impl.SqlMapSessionImpl.update(SqlMapSessionImpl.java:90)
	at com.ibatis.sqlmap.engine.impl.SqlMapClientImpl.update(SqlMapClientImpl.java:66)
	at com.ibatis.dao.client.template.SqlMapDaoTemplate.update(SqlMapDaoTemplate.java:145)
	at frame.ibatis.dao.SqlMapDao.update(SqlMapDao.java:128)
	at sun.reflect.NativeMethodAccessorImpl.invoke0(Native Method)
	at sun.reflect.NativeMethodAccessorImpl.invoke(NativeMethodAccessorImpl.java:62)
	at sun.reflect.DelegatingMethodAccessorImpl.invoke(DelegatingMethodAccessorImpl.java:43)
	at java.lang.reflect.Method.invoke(Method.java:498)
	at com.ibatis.dao.engine.impl.DaoProxy.invoke(DaoProxy.java:72)
	at com.sun.proxy.$Proxy6.update(Unknown Source)
	at frame.ibatis.dao.DaoAdmin.update(DaoAdmin.java:146)
	at frame.ibatis.dao.IbatisManager.Update(IbatisManager.java:116)
	at com.humanval.sipt.service.Admin_mstService.insertAutoLoginKey(Admin_mstService.java:218)
	at org.apache.jsp.loginMobile_jsp._jspService(loginMobile_jsp.java:188)
	at org.apache.jasper.runtime.HttpJspBase.service(HttpJspBase.java:70)
	at javax.servlet.http.HttpServlet.service(HttpServlet.java:583)
	at org.apache.jasper.servlet.JspServletWrapper.service(JspServletWrapper.java:465)
	at org.apache.jasper.servlet.JspServlet.serviceJspFile(JspServlet.java:383)
	at org.apache.jasper.servlet.JspServlet.service(JspServlet.java:331)
	at javax.servlet.http.HttpServlet.service(HttpServlet.java:583)
	at org.apache.catalina.core.ApplicationFilterChain.internalDoFilter(ApplicationFilterChain.java:212)
	at org.apache.catalina.core.ApplicationFilterChain.doFilter(ApplicationFilterChain.java:156)
	at org.apache.tomcat.websocket.server.WsFilter.doFilter(WsFilter.java:51)
	at org.apache.catalina.core.ApplicationFilterChain.internalDoFilter(ApplicationFilterChain.java:181)
	at org.apache.catalina.core.ApplicationFilterChain.doFilter(ApplicationFilterChain.java:156)
	at org.apache.catalina.core.StandardWrapperValve.invoke(StandardWrapperValve.java:168)
	at org.apache.catalina.core.StandardContextValve.invoke(StandardContextValve.java:90)
	at org.apache.catalina.authenticator.AuthenticatorBase.invoke(AuthenticatorBase.java:483)
	at org.apache.catalina.core.StandardHostValve.invoke(StandardHostValve.java:130)
	at org.apache.catalina.valves.ErrorReportValve.invoke(ErrorReportValve.java:93)
	at org.apache.catalina.valves.AbstractAccessLogValve.invoke(AbstractAccessLogValve.java:679)
	at org.apache.catalina.core.StandardEngineValve.invoke(StandardEngineValve.java:74)
	at org.apache.catalina.connector.CoyoteAdapter.service(CoyoteAdapter.java:346)
	at org.apache.coyote.http11.Http11Processor.service(Http11Processor.java:617)
	at org.apache.coyote.AbstractProcessorLight.process(AbstractProcessorLight.java:63)
	at org.apache.coyote.AbstractProtocol$ConnectionHandler.process(AbstractProtocol.java:934)
	at org.apache.tomcat.util.net.NioEndpoint$SocketProcessor.doRun(NioEndpoint.java:1698)
	at org.apache.tomcat.util.net.SocketProcessorBase.run(SocketProcessorBase.java:52)
	at org.apache.tomcat.util.threads.ThreadPoolExecutor.runWorker(ThreadPoolExecutor.java:1191)
	at org.apache.tomcat.util.threads.ThreadPoolExecutor$Worker.run(ThreadPoolExecutor.java:659)
	at org.apache.tomcat.util.threads.TaskThread$WrappingRunnable.run(TaskThread.java:63)
	at java.lang.Thread.run(Thread.java:750)
Caused by: java.lang.ClassNotFoundException: 불허되는 접근: 이 웹 애플리케이션 인스턴스는 이미 중지되었습니다. [com.mysql.jdbc.exceptions.jdbc4.MySQLSyntaxErrorException]을(를) 로드할 수 없습니다. 디버그 목적 및 불허되는 접근을 발생시킨 해당 쓰레드를 종료시키기 위한 시도로서, 다음 스택 트레이스가 생성됩니다.
	at org.apache.catalina.loader.WebappClassLoaderBase.checkStateForClassLoading(WebappClassLoaderBase.java:1348)
	at org.apache.catalina.loader.WebappClassLoaderBase.loadClass(WebappClassLoaderBase.java:1183)
	at org.apache.catalina.loader.WebappClassLoaderBase.loadClass(WebappClassLoaderBase.java:1150)
	at java.lang.Class.forName0(Native Method)
	at java.lang.Class.forName(Class.java:264)
	at com.mysql.jdbc.Util.getInstance(Util.java:386)
	... 56 more
Caused by: java.lang.IllegalStateException: 불허되는 접근: 이 웹 애플리케이션 인스턴스는 이미 중지되었습니다. [com.mysql.jdbc.exceptions.jdbc4.MySQLSyntaxErrorException]을(를) 로드할 수 없습니다. 디버그 목적 및 불허되는 접근을 발생시킨 해당 쓰레드를 종료시키기 위한 시도로서, 다음 스택 트레이스가 생성됩니다.
	at org.apache.catalina.loader.WebappClassLoaderBase.checkStateForResourceLoading(WebappClassLoaderBase.java:1358)
	at org.apache.catalina.loader.WebappClassLoaderBase.checkStateForClassLoading(WebappClassLoaderBase.java:1346)
	... 61 more


** END NESTED EXCEPTION **


ERROR (SqlMapDao.java[getList]:181) [2024-09-24 15:07:28,209] - [frame.ibatis.dao.SqlMapDao] : Failed to queryForList - id [ADMIN_MST.getAutoLoginKey], parameterObject [{ADMIN_ID=songhu}].  Cause: com.ibatis.common.jdbc.exception.NestedSQLException:   
--- The error occurred in frame/ibatis/sql/ADMIN_MST_sqlMap.xml.  
--- The error occurred while applying a parameter map.  
--- Check the ADMIN_MST.getAutoLoginKey-InlineParameterMap.  
--- Check the statement (query failed).  
--- Cause: java.sql.SQLException: Unable to create correct SQLException class instance, error class/codes may be incorrect. Reason: 

** BEGIN NESTED EXCEPTION ** 

java.sql.SQLException
MESSAGE: Can't instantiate required class

STACKTRACE:

java.sql.SQLException: Can't instantiate required class
	at com.mysql.jdbc.SQLError.createSQLException(SQLError.java:1078)
	at com.mysql.jdbc.SQLError.createSQLException(SQLError.java:989)
	at com.mysql.jdbc.SQLError.createSQLException(SQLError.java:975)
	at com.mysql.jdbc.SQLError.createSQLException(SQLError.java:920)
	at com.mysql.jdbc.SQLError.createSQLException(SQLError.java:951)
	at com.mysql.jdbc.SQLError.createSQLException(SQLError.java:941)
	at com.mysql.jdbc.Util.getInstance(Util.java:397)
	at com.mysql.jdbc.SQLError.createSQLException(SQLError.java:1054)
	at com.mysql.jdbc.MysqlIO.checkErrorPacket(MysqlIO.java:4120)
	at com.mysql.jdbc.MysqlIO.checkErrorPacket(MysqlIO.java:4052)
	at com.mysql.jdbc.MysqlIO.sendCommand(MysqlIO.java:2503)
	at com.mysql.jdbc.MysqlIO.sqlQueryDirect(MysqlIO.java:2664)
	at com.mysql.jdbc.ConnectionImpl.execSQL(ConnectionImpl.java:2815)
	at com.mysql.jdbc.PreparedStatement.executeInternal(PreparedStatement.java:2155)
	at com.mysql.jdbc.PreparedStatement.execute(PreparedStatement.java:1379)
	at org.apache.tomcat.dbcp.dbcp2.DelegatingPreparedStatement.execute(DelegatingPreparedStatement.java:92)
	at org.apache.tomcat.dbcp.dbcp2.DelegatingPreparedStatement.execute(DelegatingPreparedStatement.java:92)
	at com.ibatis.sqlmap.engine.execution.SqlExecutor.executeQuery(SqlExecutor.java:185)
	at com.ibatis.sqlmap.engine.mapping.statement.MappedStatement.sqlExecuteQuery(MappedStatement.java:221)
	at com.ibatis.sqlmap.engine.mapping.statement.MappedStatement.executeQueryWithCallback(MappedStatement.java:189)
	at com.ibatis.sqlmap.engine.mapping.statement.MappedStatement.executeQueryForList(MappedStatement.java:139)
	at com.ibatis.sqlmap.engine.impl.SqlMapExecutorDelegate.queryForList(SqlMapExecutorDelegate.java:567)
	at com.ibatis.sqlmap.engine.impl.SqlMapExecutorDelegate.queryForList(SqlMapExecutorDelegate.java:541)
	at com.ibatis.sqlmap.engine.impl.SqlMapSessionImpl.queryForList(SqlMapSessionImpl.java:118)
	at com.ibatis.sqlmap.engine.impl.SqlMapClientImpl.queryForList(SqlMapClientImpl.java:94)
	at com.ibatis.dao.client.template.SqlMapDaoTemplate.queryForList(SqlMapDaoTemplate.java:282)
	at frame.ibatis.dao.SqlMapDao.getList(SqlMapDao.java:179)
	at sun.reflect.NativeMethodAccessorImpl.invoke0(Native Method)
	at sun.reflect.NativeMethodAccessorImpl.invoke(NativeMethodAccessorImpl.java:62)
	at sun.reflect.DelegatingMethodAccessorImpl.invoke(DelegatingMethodAccessorImpl.java:43)
	at java.lang.reflect.Method.invoke(Method.java:498)
	at com.ibatis.dao.engine.impl.DaoProxy.invoke(DaoProxy.java:72)
	at com.sun.proxy.$Proxy7.getList(Unknown Source)
	at frame.ibatis.dao.DaoAdmin.getList(DaoAdmin.java:60)
	at frame.ibatis.dao.IbatisManager.getList(IbatisManager.java:40)
	at com.humanval.sipt.service.Admin_mstService.getAutoLoginKey(Admin_mstService.java:198)
	at org.apache.jsp.admin_jsp._jspService(admin_jsp.java:199)
	at org.apache.jasper.runtime.HttpJspBase.service(HttpJspBase.java:70)
	at javax.servlet.http.HttpServlet.service(HttpServlet.java:583)
	at org.apache.jasper.servlet.JspServletWrapper.service(JspServletWrapper.java:465)
	at org.apache.jasper.servlet.JspServlet.serviceJspFile(JspServlet.java:383)
	at org.apache.jasper.servlet.JspServlet.service(JspServlet.java:331)
	at javax.servlet.http.HttpServlet.service(HttpServlet.java:583)
	at org.apache.catalina.core.ApplicationFilterChain.internalDoFilter(ApplicationFilterChain.java:212)
	at org.apache.catalina.core.ApplicationFilterChain.doFilter(ApplicationFilterChain.java:156)
	at org.apache.tomcat.websocket.server.WsFilter.doFilter(WsFilter.java:51)
	at org.apache.catalina.core.ApplicationFilterChain.internalDoFilter(ApplicationFilterChain.java:181)
	at org.apache.catalina.core.ApplicationFilterChain.doFilter(ApplicationFilterChain.java:156)
	at org.apache.catalina.core.StandardWrapperValve.invoke(StandardWrapperValve.java:168)
	at org.apache.catalina.core.StandardContextValve.invoke(StandardContextValve.java:90)
	at org.apache.catalina.authenticator.AuthenticatorBase.invoke(AuthenticatorBase.java:483)
	at org.apache.catalina.core.StandardHostValve.invoke(StandardHostValve.java:130)
	at org.apache.catalina.valves.ErrorReportValve.invoke(ErrorReportValve.java:93)
	at org.apache.catalina.valves.AbstractAccessLogValve.invoke(AbstractAccessLogValve.java:679)
	at org.apache.catalina.core.StandardEngineValve.invoke(StandardEngineValve.java:74)
	at org.apache.catalina.connector.CoyoteAdapter.service(CoyoteAdapter.java:346)
	at org.apache.coyote.http11.Http11Processor.service(Http11Processor.java:617)
	at org.apache.coyote.AbstractProcessorLight.process(AbstractProcessorLight.java:63)
	at org.apache.coyote.AbstractProtocol$ConnectionHandler.process(AbstractProtocol.java:934)
	at org.apache.tomcat.util.net.NioEndpoint$SocketProcessor.doRun(NioEndpoint.java:1698)
	at org.apache.tomcat.util.net.SocketProcessorBase.run(SocketProcessorBase.java:52)
	at org.apache.tomcat.util.threads.ThreadPoolExecutor.runWorker(ThreadPoolExecutor.java:1191)
	at org.apache.tomcat.util.threads.ThreadPoolExecutor$Worker.run(ThreadPoolExecutor.java:659)
	at org.apache.tomcat.util.threads.TaskThread$WrappingRunnable.run(TaskThread.java:63)
	at java.lang.Thread.run(Thread.java:750)
Caused by: java.lang.ClassNotFoundException: 불허되는 접근: 이 웹 애플리케이션 인스턴스는 이미 중지되었습니다. [com.mysql.jdbc.exceptions.jdbc4.MySQLSyntaxErrorException]을(를) 로드할 수 없습니다. 디버그 목적 및 불허되는 접근을 발생시킨 해당 쓰레드를 종료시키기 위한 시도로서, 다음 스택 트레이스가 생성됩니다.
	at org.apache.catalina.loader.WebappClassLoaderBase.checkStateForClassLoading(WebappClassLoaderBase.java:1348)
	at org.apache.catalina.loader.WebappClassLoaderBase.loadClass(WebappClassLoaderBase.java:1183)
	at org.apache.catalina.loader.WebappClassLoaderBase.loadClass(WebappClassLoaderBase.java:1150)
	at java.lang.Class.forName0(Native Method)
	at java.lang.Class.forName(Class.java:264)
	at com.mysql.jdbc.Util.getInstance(Util.java:386)
	... 58 more
Caused by: java.lang.IllegalStateException: 불허되는 접근: 이 웹 애플리케이션 인스턴스는 이미 중지되었습니다. [com.mysql.jdbc.exceptions.jdbc4.MySQLSyntaxErrorException]을(를) 로드할 수 없습니다. 디버그 목적 및 불허되는 접근을 발생시킨 해당 쓰레드를 종료시키기 위한 시도로서, 다음 스택 트레이스가 생성됩니다.
	at org.apache.catalina.loader.WebappClassLoaderBase.checkStateForResourceLoading(WebappClassLoaderBase.java:1358)
	at org.apache.catalina.loader.WebappClassLoaderBase.checkStateForClassLoading(WebappClassLoaderBase.java:1346)
	... 63 more


** END NESTED EXCEPTION **


ERROR (SqlMapDao.java[getList]:181) [2024-09-24 15:07:35,439] - [frame.ibatis.dao.SqlMapDao] : Failed to queryForList - id [ADMIN_MST.getAutoLoginKey], parameterObject [{ADMIN_ID=songhu}].  Cause: com.ibatis.common.jdbc.exception.NestedSQLException:   
--- The error occurred in frame/ibatis/sql/ADMIN_MST_sqlMap.xml.  
--- The error occurred while applying a parameter map.  
--- Check the ADMIN_MST.getAutoLoginKey-InlineParameterMap.  
--- Check the statement (query failed).  
--- Cause: java.sql.SQLException: Unable to create correct SQLException class instance, error class/codes may be incorrect. Reason: 

** BEGIN NESTED EXCEPTION ** 

java.sql.SQLException
MESSAGE: Can't instantiate required class

STACKTRACE:

java.sql.SQLException: Can't instantiate required class
	at com.mysql.jdbc.SQLError.createSQLException(SQLError.java:1078)
	at com.mysql.jdbc.SQLError.createSQLException(SQLError.java:989)
	at com.mysql.jdbc.SQLError.createSQLException(SQLError.java:975)
	at com.mysql.jdbc.SQLError.createSQLException(SQLError.java:920)
	at com.mysql.jdbc.SQLError.createSQLException(SQLError.java:951)
	at com.mysql.jdbc.SQLError.createSQLException(SQLError.java:941)
	at com.mysql.jdbc.Util.getInstance(Util.java:397)
	at com.mysql.jdbc.SQLError.createSQLException(SQLError.java:1054)
	at com.mysql.jdbc.MysqlIO.checkErrorPacket(MysqlIO.java:4120)
	at com.mysql.jdbc.MysqlIO.checkErrorPacket(MysqlIO.java:4052)
	at com.mysql.jdbc.MysqlIO.sendCommand(MysqlIO.java:2503)
	at com.mysql.jdbc.MysqlIO.sqlQueryDirect(MysqlIO.java:2664)
	at com.mysql.jdbc.ConnectionImpl.execSQL(ConnectionImpl.java:2815)
	at com.mysql.jdbc.PreparedStatement.executeInternal(PreparedStatement.java:2155)
	at com.mysql.jdbc.PreparedStatement.execute(PreparedStatement.java:1379)
	at org.apache.tomcat.dbcp.dbcp2.DelegatingPreparedStatement.execute(DelegatingPreparedStatement.java:92)
	at org.apache.tomcat.dbcp.dbcp2.DelegatingPreparedStatement.execute(DelegatingPreparedStatement.java:92)
	at com.ibatis.sqlmap.engine.execution.SqlExecutor.executeQuery(SqlExecutor.java:185)
	at com.ibatis.sqlmap.engine.mapping.statement.MappedStatement.sqlExecuteQuery(MappedStatement.java:221)
	at com.ibatis.sqlmap.engine.mapping.statement.MappedStatement.executeQueryWithCallback(MappedStatement.java:189)
	at com.ibatis.sqlmap.engine.mapping.statement.MappedStatement.executeQueryForList(MappedStatement.java:139)
	at com.ibatis.sqlmap.engine.impl.SqlMapExecutorDelegate.queryForList(SqlMapExecutorDelegate.java:567)
	at com.ibatis.sqlmap.engine.impl.SqlMapExecutorDelegate.queryForList(SqlMapExecutorDelegate.java:541)
	at com.ibatis.sqlmap.engine.impl.SqlMapSessionImpl.queryForList(SqlMapSessionImpl.java:118)
	at com.ibatis.sqlmap.engine.impl.SqlMapClientImpl.queryForList(SqlMapClientImpl.java:94)
	at com.ibatis.dao.client.template.SqlMapDaoTemplate.queryForList(SqlMapDaoTemplate.java:282)
	at frame.ibatis.dao.SqlMapDao.getList(SqlMapDao.java:179)
	at sun.reflect.NativeMethodAccessorImpl.invoke0(Native Method)
	at sun.reflect.NativeMethodAccessorImpl.invoke(NativeMethodAccessorImpl.java:62)
	at sun.reflect.DelegatingMethodAccessorImpl.invoke(DelegatingMethodAccessorImpl.java:43)
	at java.lang.reflect.Method.invoke(Method.java:498)
	at com.ibatis.dao.engine.impl.DaoProxy.invoke(DaoProxy.java:72)
	at com.sun.proxy.$Proxy7.getList(Unknown Source)
	at frame.ibatis.dao.DaoAdmin.getList(DaoAdmin.java:60)
	at frame.ibatis.dao.IbatisManager.getList(IbatisManager.java:40)
	at com.humanval.sipt.service.Admin_mstService.getAutoLoginKey(Admin_mstService.java:198)
	at org.apache.jsp.admin_jsp._jspService(admin_jsp.java:199)
	at org.apache.jasper.runtime.HttpJspBase.service(HttpJspBase.java:70)
	at javax.servlet.http.HttpServlet.service(HttpServlet.java:583)
	at org.apache.jasper.servlet.JspServletWrapper.service(JspServletWrapper.java:465)
	at org.apache.jasper.servlet.JspServlet.serviceJspFile(JspServlet.java:383)
	at org.apache.jasper.servlet.JspServlet.service(JspServlet.java:331)
	at javax.servlet.http.HttpServlet.service(HttpServlet.java:583)
	at org.apache.catalina.core.ApplicationFilterChain.internalDoFilter(ApplicationFilterChain.java:212)
	at org.apache.catalina.core.ApplicationFilterChain.doFilter(ApplicationFilterChain.java:156)
	at org.apache.tomcat.websocket.server.WsFilter.doFilter(WsFilter.java:51)
	at org.apache.catalina.core.ApplicationFilterChain.internalDoFilter(ApplicationFilterChain.java:181)
	at org.apache.catalina.core.ApplicationFilterChain.doFilter(ApplicationFilterChain.java:156)
	at org.apache.catalina.core.StandardWrapperValve.invoke(StandardWrapperValve.java:168)
	at org.apache.catalina.core.StandardContextValve.invoke(StandardContextValve.java:90)
	at org.apache.catalina.authenticator.AuthenticatorBase.invoke(AuthenticatorBase.java:483)
	at org.apache.catalina.core.StandardHostValve.invoke(StandardHostValve.java:130)
	at org.apache.catalina.valves.ErrorReportValve.invoke(ErrorReportValve.java:93)
	at org.apache.catalina.valves.AbstractAccessLogValve.invoke(AbstractAccessLogValve.java:679)
	at org.apache.catalina.core.StandardEngineValve.invoke(StandardEngineValve.java:74)
	at org.apache.catalina.connector.CoyoteAdapter.service(CoyoteAdapter.java:346)
	at org.apache.coyote.http11.Http11Processor.service(Http11Processor.java:617)
	at org.apache.coyote.AbstractProcessorLight.process(AbstractProcessorLight.java:63)
	at org.apache.coyote.AbstractProtocol$ConnectionHandler.process(AbstractProtocol.java:934)
	at org.apache.tomcat.util.net.NioEndpoint$SocketProcessor.doRun(NioEndpoint.java:1698)
	at org.apache.tomcat.util.net.SocketProcessorBase.run(SocketProcessorBase.java:52)
	at org.apache.tomcat.util.threads.ThreadPoolExecutor.runWorker(ThreadPoolExecutor.java:1191)
	at org.apache.tomcat.util.threads.ThreadPoolExecutor$Worker.run(ThreadPoolExecutor.java:659)
	at org.apache.tomcat.util.threads.TaskThread$WrappingRunnable.run(TaskThread.java:63)
	at java.lang.Thread.run(Thread.java:750)
Caused by: java.lang.ClassNotFoundException: 불허되는 접근: 이 웹 애플리케이션 인스턴스는 이미 중지되었습니다. [com.mysql.jdbc.exceptions.jdbc4.MySQLSyntaxErrorException]을(를) 로드할 수 없습니다. 디버그 목적 및 불허되는 접근을 발생시킨 해당 쓰레드를 종료시키기 위한 시도로서, 다음 스택 트레이스가 생성됩니다.
	at org.apache.catalina.loader.WebappClassLoaderBase.checkStateForClassLoading(WebappClassLoaderBase.java:1348)
	at org.apache.catalina.loader.WebappClassLoaderBase.loadClass(WebappClassLoaderBase.java:1183)
	at org.apache.catalina.loader.WebappClassLoaderBase.loadClass(WebappClassLoaderBase.java:1150)
	at java.lang.Class.forName0(Native Method)
	at java.lang.Class.forName(Class.java:264)
	at com.mysql.jdbc.Util.getInstance(Util.java:386)
	... 58 more
Caused by: java.lang.IllegalStateException: 불허되는 접근: 이 웹 애플리케이션 인스턴스는 이미 중지되었습니다. [com.mysql.jdbc.exceptions.jdbc4.MySQLSyntaxErrorException]을(를) 로드할 수 없습니다. 디버그 목적 및 불허되는 접근을 발생시킨 해당 쓰레드를 종료시키기 위한 시도로서, 다음 스택 트레이스가 생성됩니다.
	at org.apache.catalina.loader.WebappClassLoaderBase.checkStateForResourceLoading(WebappClassLoaderBase.java:1358)
	at org.apache.catalina.loader.WebappClassLoaderBase.checkStateForClassLoading(WebappClassLoaderBase.java:1346)
	... 63 more


** END NESTED EXCEPTION **


ERROR (SqlMapDao.java[getList]:181) [2024-09-24 15:08:05,383] - [frame.ibatis.dao.SqlMapDao] : Failed to queryForList - id [ADMIN_MST.getAutoLoginKey], parameterObject [{ADMIN_ID=songhu}].  Cause: com.ibatis.common.jdbc.exception.NestedSQLException:   
--- The error occurred in frame/ibatis/sql/ADMIN_MST_sqlMap.xml.  
--- The error occurred while applying a parameter map.  
--- Check the ADMIN_MST.getAutoLoginKey-InlineParameterMap.  
--- Check the statement (query failed).  
--- Cause: java.sql.SQLException: Unable to create correct SQLException class instance, error class/codes may be incorrect. Reason: 

** BEGIN NESTED EXCEPTION ** 

java.sql.SQLException
MESSAGE: Can't instantiate required class

STACKTRACE:

java.sql.SQLException: Can't instantiate required class
	at com.mysql.jdbc.SQLError.createSQLException(SQLError.java:1078)
	at com.mysql.jdbc.SQLError.createSQLException(SQLError.java:989)
	at com.mysql.jdbc.SQLError.createSQLException(SQLError.java:975)
	at com.mysql.jdbc.SQLError.createSQLException(SQLError.java:920)
	at com.mysql.jdbc.SQLError.createSQLException(SQLError.java:951)
	at com.mysql.jdbc.SQLError.createSQLException(SQLError.java:941)
	at com.mysql.jdbc.Util.getInstance(Util.java:397)
	at com.mysql.jdbc.SQLError.createSQLException(SQLError.java:1054)
	at com.mysql.jdbc.MysqlIO.checkErrorPacket(MysqlIO.java:4120)
	at com.mysql.jdbc.MysqlIO.checkErrorPacket(MysqlIO.java:4052)
	at com.mysql.jdbc.MysqlIO.sendCommand(MysqlIO.java:2503)
	at com.mysql.jdbc.MysqlIO.sqlQueryDirect(MysqlIO.java:2664)
	at com.mysql.jdbc.ConnectionImpl.execSQL(ConnectionImpl.java:2815)
	at com.mysql.jdbc.PreparedStatement.executeInternal(PreparedStatement.java:2155)
	at com.mysql.jdbc.PreparedStatement.execute(PreparedStatement.java:1379)
	at org.apache.tomcat.dbcp.dbcp2.DelegatingPreparedStatement.execute(DelegatingPreparedStatement.java:92)
	at org.apache.tomcat.dbcp.dbcp2.DelegatingPreparedStatement.execute(DelegatingPreparedStatement.java:92)
	at com.ibatis.sqlmap.engine.execution.SqlExecutor.executeQuery(SqlExecutor.java:185)
	at com.ibatis.sqlmap.engine.mapping.statement.MappedStatement.sqlExecuteQuery(MappedStatement.java:221)
	at com.ibatis.sqlmap.engine.mapping.statement.MappedStatement.executeQueryWithCallback(MappedStatement.java:189)
	at com.ibatis.sqlmap.engine.mapping.statement.MappedStatement.executeQueryForList(MappedStatement.java:139)
	at com.ibatis.sqlmap.engine.impl.SqlMapExecutorDelegate.queryForList(SqlMapExecutorDelegate.java:567)
	at com.ibatis.sqlmap.engine.impl.SqlMapExecutorDelegate.queryForList(SqlMapExecutorDelegate.java:541)
	at com.ibatis.sqlmap.engine.impl.SqlMapSessionImpl.queryForList(SqlMapSessionImpl.java:118)
	at com.ibatis.sqlmap.engine.impl.SqlMapClientImpl.queryForList(SqlMapClientImpl.java:94)
	at com.ibatis.dao.client.template.SqlMapDaoTemplate.queryForList(SqlMapDaoTemplate.java:282)
	at frame.ibatis.dao.SqlMapDao.getList(SqlMapDao.java:179)
	at sun.reflect.NativeMethodAccessorImpl.invoke0(Native Method)
	at sun.reflect.NativeMethodAccessorImpl.invoke(NativeMethodAccessorImpl.java:62)
	at sun.reflect.DelegatingMethodAccessorImpl.invoke(DelegatingMethodAccessorImpl.java:43)
	at java.lang.reflect.Method.invoke(Method.java:498)
	at com.ibatis.dao.engine.impl.DaoProxy.invoke(DaoProxy.java:72)
	at com.sun.proxy.$Proxy7.getList(Unknown Source)
	at frame.ibatis.dao.DaoAdmin.getList(DaoAdmin.java:60)
	at frame.ibatis.dao.IbatisManager.getList(IbatisManager.java:40)
	at com.humanval.sipt.service.Admin_mstService.getAutoLoginKey(Admin_mstService.java:198)
	at org.apache.jsp.admin_jsp._jspService(admin_jsp.java:199)
	at org.apache.jasper.runtime.HttpJspBase.service(HttpJspBase.java:70)
	at javax.servlet.http.HttpServlet.service(HttpServlet.java:583)
	at org.apache.jasper.servlet.JspServletWrapper.service(JspServletWrapper.java:465)
	at org.apache.jasper.servlet.JspServlet.serviceJspFile(JspServlet.java:383)
	at org.apache.jasper.servlet.JspServlet.service(JspServlet.java:331)
	at javax.servlet.http.HttpServlet.service(HttpServlet.java:583)
	at org.apache.catalina.core.ApplicationFilterChain.internalDoFilter(ApplicationFilterChain.java:212)
	at org.apache.catalina.core.ApplicationFilterChain.doFilter(ApplicationFilterChain.java:156)
	at org.apache.tomcat.websocket.server.WsFilter.doFilter(WsFilter.java:51)
	at org.apache.catalina.core.ApplicationFilterChain.internalDoFilter(ApplicationFilterChain.java:181)
	at org.apache.catalina.core.ApplicationFilterChain.doFilter(ApplicationFilterChain.java:156)
	at org.apache.catalina.core.StandardWrapperValve.invoke(StandardWrapperValve.java:168)
	at org.apache.catalina.core.StandardContextValve.invoke(StandardContextValve.java:90)
	at org.apache.catalina.authenticator.AuthenticatorBase.invoke(AuthenticatorBase.java:483)
	at org.apache.catalina.core.StandardHostValve.invoke(StandardHostValve.java:130)
	at org.apache.catalina.valves.ErrorReportValve.invoke(ErrorReportValve.java:93)
	at org.apache.catalina.valves.AbstractAccessLogValve.invoke(AbstractAccessLogValve.java:679)
	at org.apache.catalina.core.StandardEngineValve.invoke(StandardEngineValve.java:74)
	at org.apache.catalina.connector.CoyoteAdapter.service(CoyoteAdapter.java:346)
	at org.apache.coyote.http11.Http11Processor.service(Http11Processor.java:617)
	at org.apache.coyote.AbstractProcessorLight.process(AbstractProcessorLight.java:63)
	at org.apache.coyote.AbstractProtocol$ConnectionHandler.process(AbstractProtocol.java:934)
	at org.apache.tomcat.util.net.NioEndpoint$SocketProcessor.doRun(NioEndpoint.java:1698)
	at org.apache.tomcat.util.net.SocketProcessorBase.run(SocketProcessorBase.java:52)
	at org.apache.tomcat.util.threads.ThreadPoolExecutor.runWorker(ThreadPoolExecutor.java:1191)
	at org.apache.tomcat.util.threads.ThreadPoolExecutor$Worker.run(ThreadPoolExecutor.java:659)
	at org.apache.tomcat.util.threads.TaskThread$WrappingRunnable.run(TaskThread.java:63)
	at java.lang.Thread.run(Thread.java:750)
Caused by: java.lang.ClassNotFoundException: 불허되는 접근: 이 웹 애플리케이션 인스턴스는 이미 중지되었습니다. [com.mysql.jdbc.exceptions.jdbc4.MySQLSyntaxErrorException]을(를) 로드할 수 없습니다. 디버그 목적 및 불허되는 접근을 발생시킨 해당 쓰레드를 종료시키기 위한 시도로서, 다음 스택 트레이스가 생성됩니다.
	at org.apache.catalina.loader.WebappClassLoaderBase.checkStateForClassLoading(WebappClassLoaderBase.java:1348)
	at org.apache.catalina.loader.WebappClassLoaderBase.loadClass(WebappClassLoaderBase.java:1183)
	at org.apache.catalina.loader.WebappClassLoaderBase.loadClass(WebappClassLoaderBase.java:1150)
	at java.lang.Class.forName0(Native Method)
	at java.lang.Class.forName(Class.java:264)
	at com.mysql.jdbc.Util.getInstance(Util.java:386)
	... 58 more
Caused by: java.lang.IllegalStateException: 불허되는 접근: 이 웹 애플리케이션 인스턴스는 이미 중지되었습니다. [com.mysql.jdbc.exceptions.jdbc4.MySQLSyntaxErrorException]을(를) 로드할 수 없습니다. 디버그 목적 및 불허되는 접근을 발생시킨 해당 쓰레드를 종료시키기 위한 시도로서, 다음 스택 트레이스가 생성됩니다.
	at org.apache.catalina.loader.WebappClassLoaderBase.checkStateForResourceLoading(WebappClassLoaderBase.java:1358)
	at org.apache.catalina.loader.WebappClassLoaderBase.checkStateForClassLoading(WebappClassLoaderBase.java:1346)
	... 63 more


** END NESTED EXCEPTION **


 INFO (AbstractApplicationContext.java[prepareRefresh]:456) [2024-09-24 15:08:44,186] - Refreshing org.springframework.context.support.FileSystemXmlApplicationContext@51bb349d: startup date [Tue Sep 24 15:08:44 KST 2024]; root of context hierarchy
 INFO (XmlBeanDefinitionReader.java[loadBeanDefinitions]:315) [2024-09-24 15:08:44,280] - Loading XML bean definitions from URL [file:/C:/java/workspace2024/.metadata/.plugins/org.eclipse.wst.server.core/tmp0/wtpwebapps/sipt/WEB-INF/classes/spring/context-config.xml]
 INFO (XmlBeanDefinitionReader.java[loadBeanDefinitions]:315) [2024-09-24 15:08:44,320] - Loading XML bean definitions from URL [jar:file:/C:/java/workspace2024/.metadata/.plugins/org.eclipse.wst.server.core/tmp0/wtpwebapps/sipt/WEB-INF/lib/egovframework.rte.fdl.crypto-2.0.0.jar!/spring/context-config.xml]
 INFO (DefaultListableBeanFactory.java[preInstantiateSingletons]:557) [2024-09-24 15:08:44,373] - Pre-instantiating singletons in org.springframework.beans.factory.support.DefaultListableBeanFactory@1e2ae3a6: defining beans [config,ConfigPath]; root of factory hierarchy
 INFO (AbstractApplicationContext.java[prepareRefresh]:456) [2024-09-24 15:08:44,504] - Refreshing org.springframework.context.support.FileSystemXmlApplicationContext@5be753ce: startup date [Tue Sep 24 15:08:44 KST 2024]; root of context hierarchy
 INFO (XmlBeanDefinitionReader.java[loadBeanDefinitions]:315) [2024-09-24 15:08:44,506] - Loading XML bean definitions from URL [file:/C:/java/workspace2024/.metadata/.plugins/org.eclipse.wst.server.core/tmp0/wtpwebapps/sipt/WEB-INF/classes/spring/context-config.xml]
 INFO (XmlBeanDefinitionReader.java[loadBeanDefinitions]:315) [2024-09-24 15:08:44,512] - Loading XML bean definitions from URL [jar:file:/C:/java/workspace2024/.metadata/.plugins/org.eclipse.wst.server.core/tmp0/wtpwebapps/sipt/WEB-INF/lib/egovframework.rte.fdl.crypto-2.0.0.jar!/spring/context-config.xml]
 INFO (DefaultListableBeanFactory.java[preInstantiateSingletons]:557) [2024-09-24 15:08:44,517] - Pre-instantiating singletons in org.springframework.beans.factory.support.DefaultListableBeanFactory@4b16e86a: defining beans [config,ConfigPath]; root of factory hierarchy
 INFO (AbstractApplicationContext.java[prepareRefresh]:456) [2024-09-24 15:08:44,534] - Refreshing org.springframework.context.support.FileSystemXmlApplicationContext@69e850a7: startup date [Tue Sep 24 15:08:44 KST 2024]; root of context hierarchy
 INFO (XmlBeanDefinitionReader.java[loadBeanDefinitions]:315) [2024-09-24 15:08:44,536] - Loading XML bean definitions from URL [file:/C:/java/workspace2024/.metadata/.plugins/org.eclipse.wst.server.core/tmp0/wtpwebapps/sipt/WEB-INF/classes/spring/context-config.xml]
 INFO (XmlBeanDefinitionReader.java[loadBeanDefinitions]:315) [2024-09-24 15:08:44,540] - Loading XML bean definitions from URL [jar:file:/C:/java/workspace2024/.metadata/.plugins/org.eclipse.wst.server.core/tmp0/wtpwebapps/sipt/WEB-INF/lib/egovframework.rte.fdl.crypto-2.0.0.jar!/spring/context-config.xml]
 INFO (DefaultListableBeanFactory.java[preInstantiateSingletons]:557) [2024-09-24 15:08:44,544] - Pre-instantiating singletons in org.springframework.beans.factory.support.DefaultListableBeanFactory@51cd4098: defining beans [config,ConfigPath]; root of factory hierarchy
 INFO (AbstractApplicationContext.java[prepareRefresh]:456) [2024-09-24 15:08:44,549] - Refreshing org.springframework.context.support.FileSystemXmlApplicationContext@387618c8: startup date [Tue Sep 24 15:08:44 KST 2024]; root of context hierarchy
 INFO (XmlBeanDefinitionReader.java[loadBeanDefinitions]:315) [2024-09-24 15:08:44,551] - Loading XML bean definitions from URL [file:/C:/java/workspace2024/.metadata/.plugins/org.eclipse.wst.server.core/tmp0/wtpwebapps/sipt/WEB-INF/classes/spring/context-config.xml]
 INFO (XmlBeanDefinitionReader.java[loadBeanDefinitions]:315) [2024-09-24 15:08:44,555] - Loading XML bean definitions from URL [jar:file:/C:/java/workspace2024/.metadata/.plugins/org.eclipse.wst.server.core/tmp0/wtpwebapps/sipt/WEB-INF/lib/egovframework.rte.fdl.crypto-2.0.0.jar!/spring/context-config.xml]
 INFO (DefaultListableBeanFactory.java[preInstantiateSingletons]:557) [2024-09-24 15:08:44,559] - Pre-instantiating singletons in org.springframework.beans.factory.support.DefaultListableBeanFactory@3d91df2e: defining beans [config,ConfigPath]; root of factory hierarchy
ERROR (SqlMapDao.java[update]:132) [2024-09-24 15:08:44,585] - [frame.ibatis.dao.SqlMapDao] : Failed to update - id [ADMIN_MST.insertAutoLoginKey] - parameterObject [{AUTO_LOGIN_KEY=XnejkYR9PPJpzVThYaxkJw==, REMOTE_ADDR=0:0:0:0:0:0:0:1, ADMIN_ID=songhu}].  Cause: com.ibatis.common.jdbc.exception.NestedSQLException:   
--- The error occurred in frame/ibatis/sql/ADMIN_MST_sqlMap.xml.  
--- The error occurred while applying a parameter map.  
--- Check the ADMIN_MST.insertAutoLoginKey-InlineParameterMap.  
--- Check the statement (update failed).  
--- Cause: java.sql.SQLException: Unable to create correct SQLException class instance, error class/codes may be incorrect. Reason: 

** BEGIN NESTED EXCEPTION ** 

java.sql.SQLException
MESSAGE: Can't instantiate required class

STACKTRACE:

java.sql.SQLException: Can't instantiate required class
	at com.mysql.jdbc.SQLError.createSQLException(SQLError.java:1078)
	at com.mysql.jdbc.SQLError.createSQLException(SQLError.java:989)
	at com.mysql.jdbc.SQLError.createSQLException(SQLError.java:975)
	at com.mysql.jdbc.SQLError.createSQLException(SQLError.java:920)
	at com.mysql.jdbc.SQLError.createSQLException(SQLError.java:951)
	at com.mysql.jdbc.SQLError.createSQLException(SQLError.java:941)
	at com.mysql.jdbc.Util.getInstance(Util.java:397)
	at com.mysql.jdbc.SQLError.createSQLException(SQLError.java:1054)
	at com.mysql.jdbc.MysqlIO.checkErrorPacket(MysqlIO.java:4120)
	at com.mysql.jdbc.MysqlIO.checkErrorPacket(MysqlIO.java:4052)
	at com.mysql.jdbc.MysqlIO.sendCommand(MysqlIO.java:2503)
	at com.mysql.jdbc.MysqlIO.sqlQueryDirect(MysqlIO.java:2664)
	at com.mysql.jdbc.ConnectionImpl.execSQL(ConnectionImpl.java:2815)
	at com.mysql.jdbc.PreparedStatement.executeInternal(PreparedStatement.java:2155)
	at com.mysql.jdbc.PreparedStatement.execute(PreparedStatement.java:1379)
	at org.apache.tomcat.dbcp.dbcp2.DelegatingPreparedStatement.execute(DelegatingPreparedStatement.java:92)
	at org.apache.tomcat.dbcp.dbcp2.DelegatingPreparedStatement.execute(DelegatingPreparedStatement.java:92)
	at com.ibatis.sqlmap.engine.execution.SqlExecutor.executeUpdate(SqlExecutor.java:80)
	at com.ibatis.sqlmap.engine.mapping.statement.MappedStatement.sqlExecuteUpdate(MappedStatement.java:216)
	at com.ibatis.sqlmap.engine.mapping.statement.MappedStatement.executeUpdate(MappedStatement.java:94)
	at com.ibatis.sqlmap.engine.impl.SqlMapExecutorDelegate.update(SqlMapExecutorDelegate.java:457)
	at com.ibatis.sqlmap.engine.impl.SqlMapSessionImpl.update(SqlMapSessionImpl.java:90)
	at com.ibatis.sqlmap.engine.impl.SqlMapClientImpl.update(SqlMapClientImpl.java:66)
	at com.ibatis.dao.client.template.SqlMapDaoTemplate.update(SqlMapDaoTemplate.java:145)
	at frame.ibatis.dao.SqlMapDao.update(SqlMapDao.java:128)
	at sun.reflect.NativeMethodAccessorImpl.invoke0(Native Method)
	at sun.reflect.NativeMethodAccessorImpl.invoke(NativeMethodAccessorImpl.java:62)
	at sun.reflect.DelegatingMethodAccessorImpl.invoke(DelegatingMethodAccessorImpl.java:43)
	at java.lang.reflect.Method.invoke(Method.java:498)
	at com.ibatis.dao.engine.impl.DaoProxy.invoke(DaoProxy.java:72)
	at com.sun.proxy.$Proxy7.update(Unknown Source)
	at frame.ibatis.dao.DaoAdmin.update(DaoAdmin.java:146)
	at frame.ibatis.dao.IbatisManager.Update(IbatisManager.java:116)
	at com.humanval.sipt.service.Admin_mstService.insertAutoLoginKey(Admin_mstService.java:218)
	at org.apache.jsp.loginMobile_jsp._jspService(loginMobile_jsp.java:188)
	at org.apache.jasper.runtime.HttpJspBase.service(HttpJspBase.java:70)
	at javax.servlet.http.HttpServlet.service(HttpServlet.java:583)
	at org.apache.jasper.servlet.JspServletWrapper.service(JspServletWrapper.java:465)
	at org.apache.jasper.servlet.JspServlet.serviceJspFile(JspServlet.java:383)
	at org.apache.jasper.servlet.JspServlet.service(JspServlet.java:331)
	at javax.servlet.http.HttpServlet.service(HttpServlet.java:583)
	at org.apache.catalina.core.ApplicationFilterChain.internalDoFilter(ApplicationFilterChain.java:212)
	at org.apache.catalina.core.ApplicationFilterChain.doFilter(ApplicationFilterChain.java:156)
	at org.apache.tomcat.websocket.server.WsFilter.doFilter(WsFilter.java:51)
	at org.apache.catalina.core.ApplicationFilterChain.internalDoFilter(ApplicationFilterChain.java:181)
	at org.apache.catalina.core.ApplicationFilterChain.doFilter(ApplicationFilterChain.java:156)
	at org.apache.catalina.core.StandardWrapperValve.invoke(StandardWrapperValve.java:168)
	at org.apache.catalina.core.StandardContextValve.invoke(StandardContextValve.java:90)
	at org.apache.catalina.authenticator.AuthenticatorBase.invoke(AuthenticatorBase.java:483)
	at org.apache.catalina.core.StandardHostValve.invoke(StandardHostValve.java:130)
	at org.apache.catalina.valves.ErrorReportValve.invoke(ErrorReportValve.java:93)
	at org.apache.catalina.valves.AbstractAccessLogValve.invoke(AbstractAccessLogValve.java:679)
	at org.apache.catalina.core.StandardEngineValve.invoke(StandardEngineValve.java:74)
	at org.apache.catalina.connector.CoyoteAdapter.service(CoyoteAdapter.java:346)
	at org.apache.coyote.http11.Http11Processor.service(Http11Processor.java:617)
	at org.apache.coyote.AbstractProcessorLight.process(AbstractProcessorLight.java:63)
	at org.apache.coyote.AbstractProtocol$ConnectionHandler.process(AbstractProtocol.java:934)
	at org.apache.tomcat.util.net.NioEndpoint$SocketProcessor.doRun(NioEndpoint.java:1698)
	at org.apache.tomcat.util.net.SocketProcessorBase.run(SocketProcessorBase.java:52)
	at org.apache.tomcat.util.threads.ThreadPoolExecutor.runWorker(ThreadPoolExecutor.java:1191)
	at org.apache.tomcat.util.threads.ThreadPoolExecutor$Worker.run(ThreadPoolExecutor.java:659)
	at org.apache.tomcat.util.threads.TaskThread$WrappingRunnable.run(TaskThread.java:63)
	at java.lang.Thread.run(Thread.java:750)
Caused by: java.lang.ClassNotFoundException: 불허되는 접근: 이 웹 애플리케이션 인스턴스는 이미 중지되었습니다. [com.mysql.jdbc.exceptions.jdbc4.MySQLSyntaxErrorException]을(를) 로드할 수 없습니다. 디버그 목적 및 불허되는 접근을 발생시킨 해당 쓰레드를 종료시키기 위한 시도로서, 다음 스택 트레이스가 생성됩니다.
	at org.apache.catalina.loader.WebappClassLoaderBase.checkStateForClassLoading(WebappClassLoaderBase.java:1348)
	at org.apache.catalina.loader.WebappClassLoaderBase.loadClass(WebappClassLoaderBase.java:1183)
	at org.apache.catalina.loader.WebappClassLoaderBase.loadClass(WebappClassLoaderBase.java:1150)
	at java.lang.Class.forName0(Native Method)
	at java.lang.Class.forName(Class.java:264)
	at com.mysql.jdbc.Util.getInstance(Util.java:386)
	... 56 more
Caused by: java.lang.IllegalStateException: 불허되는 접근: 이 웹 애플리케이션 인스턴스는 이미 중지되었습니다. [com.mysql.jdbc.exceptions.jdbc4.MySQLSyntaxErrorException]을(를) 로드할 수 없습니다. 디버그 목적 및 불허되는 접근을 발생시킨 해당 쓰레드를 종료시키기 위한 시도로서, 다음 스택 트레이스가 생성됩니다.
	at org.apache.catalina.loader.WebappClassLoaderBase.checkStateForResourceLoading(WebappClassLoaderBase.java:1358)
	at org.apache.catalina.loader.WebappClassLoaderBase.checkStateForClassLoading(WebappClassLoaderBase.java:1346)
	... 61 more


** END NESTED EXCEPTION **


ERROR (SqlMapDao.java[getList]:181) [2024-09-24 15:16:06,253] - [frame.ibatis.dao.SqlMapDao] : Failed to queryForList - id [WORD_SYNC_HIS.getListPage], parameterObject [{WHERE_OPTION=WHERE 1=1   AND A.EXE_YN = 0 , PAGE_CNT=15, START_NO=0}].  Cause: com.ibatis.common.jdbc.exception.NestedSQLException:   
--- The error occurred while applying a parameter map.  
--- Check the WORD_SYNC_HIS.getListPage-InlineParameterMap.  
--- Check the statement (query failed).  
--- Cause: java.sql.SQLException: Unable to create correct SQLException class instance, error class/codes may be incorrect. Reason: 

** BEGIN NESTED EXCEPTION ** 

java.sql.SQLException
MESSAGE: Can't instantiate required class

STACKTRACE:

java.sql.SQLException: Can't instantiate required class
	at com.mysql.jdbc.SQLError.createSQLException(SQLError.java:1078)
	at com.mysql.jdbc.SQLError.createSQLException(SQLError.java:989)
	at com.mysql.jdbc.SQLError.createSQLException(SQLError.java:975)
	at com.mysql.jdbc.SQLError.createSQLException(SQLError.java:920)
	at com.mysql.jdbc.SQLError.createSQLException(SQLError.java:951)
	at com.mysql.jdbc.SQLError.createSQLException(SQLError.java:941)
	at com.mysql.jdbc.Util.getInstance(Util.java:397)
	at com.mysql.jdbc.SQLError.createSQLException(SQLError.java:1054)
	at com.mysql.jdbc.MysqlIO.checkErrorPacket(MysqlIO.java:4120)
	at com.mysql.jdbc.MysqlIO.checkErrorPacket(MysqlIO.java:4052)
	at com.mysql.jdbc.MysqlIO.sendCommand(MysqlIO.java:2503)
	at com.mysql.jdbc.MysqlIO.sqlQueryDirect(MysqlIO.java:2664)
	at com.mysql.jdbc.ConnectionImpl.execSQL(ConnectionImpl.java:2815)
	at com.mysql.jdbc.PreparedStatement.executeInternal(PreparedStatement.java:2155)
	at com.mysql.jdbc.PreparedStatement.execute(PreparedStatement.java:1379)
	at org.apache.tomcat.dbcp.dbcp2.DelegatingPreparedStatement.execute(DelegatingPreparedStatement.java:92)
	at org.apache.tomcat.dbcp.dbcp2.DelegatingPreparedStatement.execute(DelegatingPreparedStatement.java:92)
	at com.ibatis.sqlmap.engine.execution.SqlExecutor.executeQuery(SqlExecutor.java:185)
	at com.ibatis.sqlmap.engine.mapping.statement.MappedStatement.sqlExecuteQuery(MappedStatement.java:221)
	at com.ibatis.sqlmap.engine.mapping.statement.MappedStatement.executeQueryWithCallback(MappedStatement.java:189)
	at com.ibatis.sqlmap.engine.mapping.statement.MappedStatement.executeQueryForList(MappedStatement.java:139)
	at com.ibatis.sqlmap.engine.impl.SqlMapExecutorDelegate.queryForList(SqlMapExecutorDelegate.java:567)
	at com.ibatis.sqlmap.engine.impl.SqlMapExecutorDelegate.queryForList(SqlMapExecutorDelegate.java:541)
	at com.ibatis.sqlmap.engine.impl.SqlMapSessionImpl.queryForList(SqlMapSessionImpl.java:118)
	at com.ibatis.sqlmap.engine.impl.SqlMapClientImpl.queryForList(SqlMapClientImpl.java:94)
	at com.ibatis.dao.client.template.SqlMapDaoTemplate.queryForList(SqlMapDaoTemplate.java:282)
	at frame.ibatis.dao.SqlMapDao.getList(SqlMapDao.java:179)
	at sun.reflect.GeneratedMethodAccessor75.invoke(Unknown Source)
	at sun.reflect.DelegatingMethodAccessorImpl.invoke(DelegatingMethodAccessorImpl.java:43)
	at java.lang.reflect.Method.invoke(Method.java:498)
	at com.ibatis.dao.engine.impl.DaoProxy.invoke(DaoProxy.java:72)
	at com.sun.proxy.$Proxy7.getList(Unknown Source)
	at frame.ibatis.dao.DaoAdmin.getList(DaoAdmin.java:60)
	at frame.ibatis.dao.IbatisManager.getList(IbatisManager.java:40)
	at com.humanval.sipt.service.Word_sync_hisService.selectList(Word_sync_hisService.java:50)
	at org.apache.jsp.contSyncHst_jsp._jspService(contSyncHst_jsp.java:338)
	at org.apache.jasper.runtime.HttpJspBase.service(HttpJspBase.java:70)
	at javax.servlet.http.HttpServlet.service(HttpServlet.java:583)
	at org.apache.jasper.servlet.JspServletWrapper.service(JspServletWrapper.java:465)
	at org.apache.jasper.servlet.JspServlet.serviceJspFile(JspServlet.java:383)
	at org.apache.jasper.servlet.JspServlet.service(JspServlet.java:331)
	at javax.servlet.http.HttpServlet.service(HttpServlet.java:583)
	at org.apache.catalina.core.ApplicationFilterChain.internalDoFilter(ApplicationFilterChain.java:212)
	at org.apache.catalina.core.ApplicationFilterChain.doFilter(ApplicationFilterChain.java:156)
	at org.apache.catalina.core.ApplicationDispatcher.invoke(ApplicationDispatcher.java:662)
	at org.apache.catalina.core.ApplicationDispatcher.doInclude(ApplicationDispatcher.java:540)
	at org.apache.catalina.core.ApplicationDispatcher.include(ApplicationDispatcher.java:483)
	at org.apache.jasper.runtime.JspRuntimeLibrary.include(JspRuntimeLibrary.java:906)
	at org.apache.jsp.admin_jsp._jspService(admin_jsp.java:405)
	at org.apache.jasper.runtime.HttpJspBase.service(HttpJspBase.java:70)
	at javax.servlet.http.HttpServlet.service(HttpServlet.java:583)
	at org.apache.jasper.servlet.JspServletWrapper.service(JspServletWrapper.java:465)
	at org.apache.jasper.servlet.JspServlet.serviceJspFile(JspServlet.java:383)
	at org.apache.jasper.servlet.JspServlet.service(JspServlet.java:331)
	at javax.servlet.http.HttpServlet.service(HttpServlet.java:583)
	at org.apache.catalina.core.ApplicationFilterChain.internalDoFilter(ApplicationFilterChain.java:212)
	at org.apache.catalina.core.ApplicationFilterChain.doFilter(ApplicationFilterChain.java:156)
	at org.apache.tomcat.websocket.server.WsFilter.doFilter(WsFilter.java:51)
	at org.apache.catalina.core.ApplicationFilterChain.internalDoFilter(ApplicationFilterChain.java:181)
	at org.apache.catalina.core.ApplicationFilterChain.doFilter(ApplicationFilterChain.java:156)
	at org.apache.catalina.core.StandardWrapperValve.invoke(StandardWrapperValve.java:168)
	at org.apache.catalina.core.StandardContextValve.invoke(StandardContextValve.java:90)
	at org.apache.catalina.authenticator.AuthenticatorBase.invoke(AuthenticatorBase.java:483)
	at org.apache.catalina.core.StandardHostValve.invoke(StandardHostValve.java:130)
	at org.apache.catalina.valves.ErrorReportValve.invoke(ErrorReportValve.java:93)
	at org.apache.catalina.valves.AbstractAccessLogValve.invoke(AbstractAccessLogValve.java:679)
	at org.apache.catalina.core.StandardEngineValve.invoke(StandardEngineValve.java:74)
	at org.apache.catalina.connector.CoyoteAdapter.service(CoyoteAdapter.java:346)
	at org.apache.coyote.http11.Http11Processor.service(Http11Processor.java:617)
	at org.apache.coyote.AbstractProcessorLight.process(AbstractProcessorLight.java:63)
	at org.apache.coyote.AbstractProtocol$ConnectionHandler.process(AbstractProtocol.java:934)
	at org.apache.tomcat.util.net.NioEndpoint$SocketProcessor.doRun(NioEndpoint.java:1698)
	at org.apache.tomcat.util.net.SocketProcessorBase.run(SocketProcessorBase.java:52)
	at org.apache.tomcat.util.threads.ThreadPoolExecutor.runWorker(ThreadPoolExecutor.java:1191)
	at org.apache.tomcat.util.threads.ThreadPoolExecutor$Worker.run(ThreadPoolExecutor.java:659)
	at org.apache.tomcat.util.threads.TaskThread$WrappingRunnable.run(TaskThread.java:63)
	at java.lang.Thread.run(Thread.java:750)
Caused by: java.lang.ClassNotFoundException: 불허되는 접근: 이 웹 애플리케이션 인스턴스는 이미 중지되었습니다. [com.mysql.jdbc.exceptions.jdbc4.MySQLSyntaxErrorException]을(를) 로드할 수 없습니다. 디버그 목적 및 불허되는 접근을 발생시킨 해당 쓰레드를 종료시키기 위한 시도로서, 다음 스택 트레이스가 생성됩니다.
	at org.apache.catalina.loader.WebappClassLoaderBase.checkStateForClassLoading(WebappClassLoaderBase.java:1348)
	at org.apache.catalina.loader.WebappClassLoaderBase.loadClass(WebappClassLoaderBase.java:1183)
	at org.apache.catalina.loader.WebappClassLoaderBase.loadClass(WebappClassLoaderBase.java:1150)
	at java.lang.Class.forName0(Native Method)
	at java.lang.Class.forName(Class.java:264)
	at com.mysql.jdbc.Util.getInstance(Util.java:386)
	... 70 more
Caused by: java.lang.IllegalStateException: 불허되는 접근: 이 웹 애플리케이션 인스턴스는 이미 중지되었습니다. [com.mysql.jdbc.exceptions.jdbc4.MySQLSyntaxErrorException]을(를) 로드할 수 없습니다. 디버그 목적 및 불허되는 접근을 발생시킨 해당 쓰레드를 종료시키기 위한 시도로서, 다음 스택 트레이스가 생성됩니다.
	at org.apache.catalina.loader.WebappClassLoaderBase.checkStateForResourceLoading(WebappClassLoaderBase.java:1358)
	at org.apache.catalina.loader.WebappClassLoaderBase.checkStateForClassLoading(WebappClassLoaderBase.java:1346)
	... 75 more


** END NESTED EXCEPTION **


ERROR (SqlMapDao.java[getInt]:264) [2024-09-24 15:16:06,283] - [frame.ibatis.dao.SqlMapDao] : Failed to execute queryForObject - id [WORD_SYNC_HIS.getCount], parameterObject [{WHERE_OPTION=WHERE 1=1   AND A.EXE_YN = 0 }].  Cause: com.ibatis.common.jdbc.exception.NestedSQLException:   
--- The error occurred while applying a parameter map.  
--- Check the WORD_SYNC_HIS.getCount-InlineParameterMap.  
--- Check the statement (query failed).  
--- Cause: java.sql.SQLException: Unable to create correct SQLException class instance, error class/codes may be incorrect. Reason: 

** BEGIN NESTED EXCEPTION ** 

java.sql.SQLException
MESSAGE: Can't instantiate required class

STACKTRACE:

java.sql.SQLException: Can't instantiate required class
	at com.mysql.jdbc.SQLError.createSQLException(SQLError.java:1078)
	at com.mysql.jdbc.SQLError.createSQLException(SQLError.java:989)
	at com.mysql.jdbc.SQLError.createSQLException(SQLError.java:975)
	at com.mysql.jdbc.SQLError.createSQLException(SQLError.java:920)
	at com.mysql.jdbc.SQLError.createSQLException(SQLError.java:951)
	at com.mysql.jdbc.SQLError.createSQLException(SQLError.java:941)
	at com.mysql.jdbc.Util.getInstance(Util.java:397)
	at com.mysql.jdbc.SQLError.createSQLException(SQLError.java:1054)
	at com.mysql.jdbc.MysqlIO.checkErrorPacket(MysqlIO.java:4120)
	at com.mysql.jdbc.MysqlIO.checkErrorPacket(MysqlIO.java:4052)
	at com.mysql.jdbc.MysqlIO.sendCommand(MysqlIO.java:2503)
	at com.mysql.jdbc.MysqlIO.sqlQueryDirect(MysqlIO.java:2664)
	at com.mysql.jdbc.ConnectionImpl.execSQL(ConnectionImpl.java:2815)
	at com.mysql.jdbc.PreparedStatement.executeInternal(PreparedStatement.java:2155)
	at com.mysql.jdbc.PreparedStatement.execute(PreparedStatement.java:1379)
	at org.apache.tomcat.dbcp.dbcp2.DelegatingPreparedStatement.execute(DelegatingPreparedStatement.java:92)
	at org.apache.tomcat.dbcp.dbcp2.DelegatingPreparedStatement.execute(DelegatingPreparedStatement.java:92)
	at com.ibatis.sqlmap.engine.execution.SqlExecutor.executeQuery(SqlExecutor.java:185)
	at com.ibatis.sqlmap.engine.mapping.statement.MappedStatement.sqlExecuteQuery(MappedStatement.java:221)
	at com.ibatis.sqlmap.engine.mapping.statement.MappedStatement.executeQueryWithCallback(MappedStatement.java:189)
	at com.ibatis.sqlmap.engine.mapping.statement.MappedStatement.executeQueryForObject(MappedStatement.java:120)
	at com.ibatis.sqlmap.engine.impl.SqlMapExecutorDelegate.queryForObject(SqlMapExecutorDelegate.java:518)
	at com.ibatis.sqlmap.engine.impl.SqlMapExecutorDelegate.queryForObject(SqlMapExecutorDelegate.java:493)
	at com.ibatis.sqlmap.engine.impl.SqlMapSessionImpl.queryForObject(SqlMapSessionImpl.java:106)
	at com.ibatis.sqlmap.engine.impl.SqlMapClientImpl.queryForObject(SqlMapClientImpl.java:82)
	at com.ibatis.dao.client.template.SqlMapDaoTemplate.queryForObject(SqlMapDaoTemplate.java:223)
	at frame.ibatis.dao.SqlMapDao.getInt(SqlMapDao.java:262)
	at sun.reflect.GeneratedMethodAccessor96.invoke(Unknown Source)
	at sun.reflect.DelegatingMethodAccessorImpl.invoke(DelegatingMethodAccessorImpl.java:43)
	at java.lang.reflect.Method.invoke(Method.java:498)
	at com.ibatis.dao.engine.impl.DaoProxy.invoke(DaoProxy.java:72)
	at com.sun.proxy.$Proxy7.getInt(Unknown Source)
	at frame.ibatis.dao.DaoAdmin.getInt(DaoAdmin.java:180)
	at frame.ibatis.dao.IbatisManager.getInt(IbatisManager.java:150)
	at com.humanval.sipt.service.Word_sync_hisService.count(Word_sync_hisService.java:29)
	at org.apache.jsp.contSyncHst_jsp._jspService(contSyncHst_jsp.java:340)
	at org.apache.jasper.runtime.HttpJspBase.service(HttpJspBase.java:70)
	at javax.servlet.http.HttpServlet.service(HttpServlet.java:583)
	at org.apache.jasper.servlet.JspServletWrapper.service(JspServletWrapper.java:465)
	at org.apache.jasper.servlet.JspServlet.serviceJspFile(JspServlet.java:383)
	at org.apache.jasper.servlet.JspServlet.service(JspServlet.java:331)
	at javax.servlet.http.HttpServlet.service(HttpServlet.java:583)
	at org.apache.catalina.core.ApplicationFilterChain.internalDoFilter(ApplicationFilterChain.java:212)
	at org.apache.catalina.core.ApplicationFilterChain.doFilter(ApplicationFilterChain.java:156)
	at org.apache.catalina.core.ApplicationDispatcher.invoke(ApplicationDispatcher.java:662)
	at org.apache.catalina.core.ApplicationDispatcher.doInclude(ApplicationDispatcher.java:540)
	at org.apache.catalina.core.ApplicationDispatcher.include(ApplicationDispatcher.java:483)
	at org.apache.jasper.runtime.JspRuntimeLibrary.include(JspRuntimeLibrary.java:906)
	at org.apache.jsp.admin_jsp._jspService(admin_jsp.java:405)
	at org.apache.jasper.runtime.HttpJspBase.service(HttpJspBase.java:70)
	at javax.servlet.http.HttpServlet.service(HttpServlet.java:583)
	at org.apache.jasper.servlet.JspServletWrapper.service(JspServletWrapper.java:465)
	at org.apache.jasper.servlet.JspServlet.serviceJspFile(JspServlet.java:383)
	at org.apache.jasper.servlet.JspServlet.service(JspServlet.java:331)
	at javax.servlet.http.HttpServlet.service(HttpServlet.java:583)
	at org.apache.catalina.core.ApplicationFilterChain.internalDoFilter(ApplicationFilterChain.java:212)
	at org.apache.catalina.core.ApplicationFilterChain.doFilter(ApplicationFilterChain.java:156)
	at org.apache.tomcat.websocket.server.WsFilter.doFilter(WsFilter.java:51)
	at org.apache.catalina.core.ApplicationFilterChain.internalDoFilter(ApplicationFilterChain.java:181)
	at org.apache.catalina.core.ApplicationFilterChain.doFilter(ApplicationFilterChain.java:156)
	at org.apache.catalina.core.StandardWrapperValve.invoke(StandardWrapperValve.java:168)
	at org.apache.catalina.core.StandardContextValve.invoke(StandardContextValve.java:90)
	at org.apache.catalina.authenticator.AuthenticatorBase.invoke(AuthenticatorBase.java:483)
	at org.apache.catalina.core.StandardHostValve.invoke(StandardHostValve.java:130)
	at org.apache.catalina.valves.ErrorReportValve.invoke(ErrorReportValve.java:93)
	at org.apache.catalina.valves.AbstractAccessLogValve.invoke(AbstractAccessLogValve.java:679)
	at org.apache.catalina.core.StandardEngineValve.invoke(StandardEngineValve.java:74)
	at org.apache.catalina.connector.CoyoteAdapter.service(CoyoteAdapter.java:346)
	at org.apache.coyote.http11.Http11Processor.service(Http11Processor.java:617)
	at org.apache.coyote.AbstractProcessorLight.process(AbstractProcessorLight.java:63)
	at org.apache.coyote.AbstractProtocol$ConnectionHandler.process(AbstractProtocol.java:934)
	at org.apache.tomcat.util.net.NioEndpoint$SocketProcessor.doRun(NioEndpoint.java:1698)
	at org.apache.tomcat.util.net.SocketProcessorBase.run(SocketProcessorBase.java:52)
	at org.apache.tomcat.util.threads.ThreadPoolExecutor.runWorker(ThreadPoolExecutor.java:1191)
	at org.apache.tomcat.util.threads.ThreadPoolExecutor$Worker.run(ThreadPoolExecutor.java:659)
	at org.apache.tomcat.util.threads.TaskThread$WrappingRunnable.run(TaskThread.java:63)
	at java.lang.Thread.run(Thread.java:750)
Caused by: java.lang.ClassNotFoundException: 불허되는 접근: 이 웹 애플리케이션 인스턴스는 이미 중지되었습니다. [com.mysql.jdbc.exceptions.jdbc4.MySQLSyntaxErrorException]을(를) 로드할 수 없습니다. 디버그 목적 및 불허되는 접근을 발생시킨 해당 쓰레드를 종료시키기 위한 시도로서, 다음 스택 트레이스가 생성됩니다.
	at org.apache.catalina.loader.WebappClassLoaderBase.checkStateForClassLoading(WebappClassLoaderBase.java:1348)
	at org.apache.catalina.loader.WebappClassLoaderBase.loadClass(WebappClassLoaderBase.java:1183)
	at org.apache.catalina.loader.WebappClassLoaderBase.loadClass(WebappClassLoaderBase.java:1150)
	at java.lang.Class.forName0(Native Method)
	at java.lang.Class.forName(Class.java:264)
	at com.mysql.jdbc.Util.getInstance(Util.java:386)
	... 70 more
Caused by: java.lang.IllegalStateException: 불허되는 접근: 이 웹 애플리케이션 인스턴스는 이미 중지되었습니다. [com.mysql.jdbc.exceptions.jdbc4.MySQLSyntaxErrorException]을(를) 로드할 수 없습니다. 디버그 목적 및 불허되는 접근을 발생시킨 해당 쓰레드를 종료시키기 위한 시도로서, 다음 스택 트레이스가 생성됩니다.
	at org.apache.catalina.loader.WebappClassLoaderBase.checkStateForResourceLoading(WebappClassLoaderBase.java:1358)
	at org.apache.catalina.loader.WebappClassLoaderBase.checkStateForClassLoading(WebappClassLoaderBase.java:1346)
	... 75 more


** END NESTED EXCEPTION **


